<?xml version="1.0" encoding="UTF-8" standalone="no"?>
<!DOCTYPE log SYSTEM "logger.dtd">
<log>
<record>
  <date>2017-12-04T14:48:07.607-0300</date>
  <logger>JOSE RAMON FRAGOSO DA SILVA</logger>
  <level>FINE</level>
  <message>File 116210412-JOSE RAMON FRAGOSO DA SILVA.zip was received. It was sent by JOSE RAMON FRAGOSO DA SILVA from IP 192.168.0.107</message>
</record>
</log>
<?xml version="1.0" encoding="UTF-8" standalone="no"?>
<!DOCTYPE log SYSTEM "logger.dtd">
<log>
<record>
  <date>2017-12-05T01:56:42.693-0300</date>
  <logger>JOSE RAMON FRAGOSO DA SILVA</logger>
  <level>FINE</level>
  <message>File 116210412-JOSE RAMON FRAGOSO DA SILVA.zip was received. It was sent by JOSE RAMON FRAGOSO DA SILVA from IP 192.168.0.107</message>
</record>
</log>
<?xml version="1.0" encoding="UTF-8" standalone="no"?>
<!DOCTYPE log SYSTEM "logger.dtd">
<log>
<record>
  <date>2017-12-05T01:59:09.221-0300</date>
  <logger>JOSE RAMON FRAGOSO DA SILVA</logger>
  <level>FINE</level>
  <message>File 116210412-JOSE RAMON FRAGOSO DA SILVA.zip was received. It was sent by JOSE RAMON FRAGOSO DA SILVA from IP 192.168.0.107</message>
</record>
