<?xml version="1.0" encoding="UTF-8" standalone="no"?>
<!DOCTYPE log SYSTEM "logger.dtd">
<log>
<record>
  <date>2017-11-01T16:19:40.220-0300</date>
  <logger>JOSE RAMON FRAGOSO DA SILVA</logger>
  <level>FINE</level>
  <message>File 116210412-JOSE RAMON FRAGOSO DA SILVA.zip was received. It was sent by JOSE RAMON FRAGOSO DA SILVA from IP 150.165.42.111</message>
</record>
</log>
<?xml version="1.0" encoding="UTF-8" standalone="no"?>
<!DOCTYPE log SYSTEM "logger.dtd">
<log>
<record>
  <date>2017-11-01T16:45:47.637-0300</date>
  <logger>JOSE RAMON FRAGOSO DA SILVA</logger>
  <level>FINE</level>
  <message>File 116210412-JOSE RAMON FRAGOSO DA SILVA.zip was received. It was sent by JOSE RAMON FRAGOSO DA SILVA from IP 150.165.42.111</message>
</record>
</log>
<?xml version="1.0" encoding="UTF-8" standalone="no"?>
<!DOCTYPE log SYSTEM "logger.dtd">
<log>
<record>
  <date>2017-11-01T16:56:57.740-0300</date>
  <logger>JOSE RAMON FRAGOSO DA SILVA</logger>
  <level>FINE</level>
  <message>File 116210412-JOSE RAMON FRAGOSO DA SILVA.zip was received. It was sent by JOSE RAMON FRAGOSO DA SILVA from IP 150.165.42.111</message>
</record>
</log>
<?xml version="1.0" encoding="UTF-8" standalone="no"?>
<!DOCTYPE log SYSTEM "logger.dtd">
<log>
<record>
  <date>2017-11-01T16:59:40.698-0300</date>
  <logger>JOSE RAMON FRAGOSO DA SILVA</logger>
  <level>FINE</level>
  <message>File 116210412-JOSE RAMON FRAGOSO DA SILVA.zip was received. It was sent by JOSE RAMON FRAGOSO DA SILVA from IP 150.165.42.111</message>
</record>
</log>
<?xml version="1.0" encoding="UTF-8" standalone="no"?>
<!DOCTYPE log SYSTEM "logger.dtd">
<log>
<record>
  <date>2017-11-03T02:25:18.218-0300</date>
  <logger>JOSE RAMON FRAGOSO DA SILVA</logger>
  <level>FINE</level>
  <message>File 116210412-JOSE RAMON FRAGOSO DA SILVA.zip was received. It was sent by JOSE RAMON FRAGOSO DA SILVA from IP 192.168.0.107</message>
</record>
</log>
<?xml version="1.0" encoding="UTF-8" standalone="no"?>
<!DOCTYPE log SYSTEM "logger.dtd">
<log>
<record>
  <date>2017-11-03T02:32:26.302-0300</date>
  <logger>JOSE RAMON FRAGOSO DA SILVA</logger>
  <level>FINE</level>
  <message>File 116210412-JOSE RAMON FRAGOSO DA SILVA.zip was received. It was sent by JOSE RAMON FRAGOSO DA SILVA from IP 192.168.0.107</message>
</record>
</log>
<?xml version="1.0" encoding="UTF-8" standalone="no"?>
<!DOCTYPE log SYSTEM "logger.dtd">
<log>
<record>
  <date>2017-11-03T02:47:10.979-0300</date>
  <logger>JOSE RAMON FRAGOSO DA SILVA</logger>
  <level>FINE</level>
  <message>File 116210412-JOSE RAMON FRAGOSO DA SILVA.zip was received. It was sent by JOSE RAMON FRAGOSO DA SILVA from IP 192.168.0.107</message>
</record>
</log>
<?xml version="1.0" encoding="UTF-8" standalone="no"?>
<!DOCTYPE log SYSTEM "logger.dtd">
<log>
<record>
  <date>2017-11-03T02:48:32.917-0300</date>
  <logger>JOSE RAMON FRAGOSO DA SILVA</logger>
  <level>FINE</level>
  <message>File 116210412-JOSE RAMON FRAGOSO DA SILVA.zip was received. It was sent by JOSE RAMON FRAGOSO DA SILVA from IP 192.168.0.107</message>
</record>
</log>
<?xml version="1.0" encoding="UTF-8" standalone="no"?>
<!DOCTYPE log SYSTEM "logger.dtd">
<log>
<record>
  <date>2017-11-03T03:00:14.610-0300</date>
  <logger>JOSE RAMON FRAGOSO DA SILVA</logger>
  <level>FINE</level>
  <message>File 116210412-JOSE RAMON FRAGOSO DA SILVA.zip was received. It was sent by JOSE RAMON FRAGOSO DA SILVA from IP 192.168.0.107</message>
</record>
</log>
<?xml version="1.0" encoding="UTF-8" standalone="no"?>
<!DOCTYPE log SYSTEM "logger.dtd">
<log>
<record>
  <date>2017-11-03T13:38:13.530-0300</date>
  <logger>JOSE RAMON FRAGOSO DA SILVA</logger>
  <level>FINE</level>
  <message>File 116210412-JOSE RAMON FRAGOSO DA SILVA.zip was received. It was sent by JOSE RAMON FRAGOSO DA SILVA from IP 192.168.0.107</message>
</record>
</log>
<?xml version="1.0" encoding="UTF-8" standalone="no"?>
<!DOCTYPE log SYSTEM "logger.dtd">
<log>
<record>
  <date>2017-11-03T13:39:46.436-0300</date>
  <logger>JOSE RAMON FRAGOSO DA SILVA</logger>
  <level>FINE</level>
  <message>File 116210412-JOSE RAMON FRAGOSO DA SILVA.zip was received. It was sent by JOSE RAMON FRAGOSO DA SILVA from IP 192.168.0.107</message>
</record>
</log>
<?xml version="1.0" encoding="UTF-8" standalone="no"?>
<!DOCTYPE log SYSTEM "logger.dtd">
<log>
<record>
  <date>2017-11-03T13:40:45.943-0300</date>
  <logger>JOSE RAMON FRAGOSO DA SILVA</logger>
  <level>FINE</level>
  <message>File 116210412-JOSE RAMON FRAGOSO DA SILVA.zip was received. It was sent by JOSE RAMON FRAGOSO DA SILVA from IP 192.168.0.107</message>
</record>
</log>
<?xml version="1.0" encoding="UTF-8" standalone="no"?>
<!DOCTYPE log SYSTEM "logger.dtd">
<log>
<record>
  <date>2017-11-03T13:41:44.886-0300</date>
  <logger>JOSE RAMON FRAGOSO DA SILVA</logger>
  <level>FINE</level>
  <message>File 116210412-JOSE RAMON FRAGOSO DA SILVA.zip was received. It was sent by JOSE RAMON FRAGOSO DA SILVA from IP 192.168.0.107</message>
</record>
</log>
<?xml version="1.0" encoding="UTF-8" standalone="no"?>
<!DOCTYPE log SYSTEM "logger.dtd">
<log>
<record>
  <date>2017-11-03T13:50:39.156-0300</date>
  <logger>JOSE RAMON FRAGOSO DA SILVA</logger>
  <level>FINE</level>
  <message>File 116210412-JOSE RAMON FRAGOSO DA SILVA.zip was received. It was sent by JOSE RAMON FRAGOSO DA SILVA from IP 192.168.0.107</message>
</record>
