<?xml version="1.0" encoding="UTF-8" standalone="no"?>
<!DOCTYPE log SYSTEM "logger.dtd">
<log>
<record>
  <date>2018-02-28T17:07:26.894-0300</date>
  <logger>JOSE RAMON FRAGOSO DA SILVA</logger>
  <level>FINE</level>
  <message>File 116210412-JOSE RAMON FRAGOSO DA SILVA.zip was received. It was sent by JOSE RAMON FRAGOSO DA SILVA from IP 192.168.56.1</message>
</record>
</log>
<?xml version="1.0" encoding="UTF-8" standalone="no"?>
<!DOCTYPE log SYSTEM "logger.dtd">
<log>
<record>
  <date>2018-02-28T22:50:29.249-0300</date>
  <logger>JOSE RAMON FRAGOSO DA SILVA</logger>
  <level>FINE</level>
  <message>File 116210412-JOSE RAMON FRAGOSO DA SILVA.zip was received. It was sent by JOSE RAMON FRAGOSO DA SILVA from IP 192.168.0.107</message>
</record>
</log>
<?xml version="1.0" encoding="UTF-8" standalone="no"?>
<!DOCTYPE log SYSTEM "logger.dtd">
<log>
<record>
  <date>2018-03-01T18:18:24.146-0300</date>
  <logger>JOSE RAMON FRAGOSO DA SILVA</logger>
  <level>FINE</level>
  <message>File 116210412-JOSE RAMON FRAGOSO DA SILVA.zip was received. It was sent by JOSE RAMON FRAGOSO DA SILVA from IP 192.168.0.102</message>
</record>
