<?xml version="1.0" encoding="UTF-8" standalone="no"?>
<!DOCTYPE log SYSTEM "logger.dtd">
<log>
<record>
  <date>2018-02-05T15:09:38.324-0300</date>
  <logger>JOSE RAMON FRAGOSO DA SILVA</logger>
  <level>FINE</level>
  <message>File 116210412-JOSE RAMON FRAGOSO DA SILVA.zip was received. It was sent by JOSE RAMON FRAGOSO DA SILVA from IP 192.168.0.106</message>
</record>
</log>
<?xml version="1.0" encoding="UTF-8" standalone="no"?>
<!DOCTYPE log SYSTEM "logger.dtd">
<log>
<record>
  <date>2018-02-07T12:29:24.656-0300</date>
  <logger>JOSE RAMON FRAGOSO DA SILVA</logger>
  <level>FINE</level>
  <message>File 116210412-JOSE RAMON FRAGOSO DA SILVA.zip was received. It was sent by JOSE RAMON FRAGOSO DA SILVA from IP 192.168.0.106</message>
</record>
</log>
<?xml version="1.0" encoding="UTF-8" standalone="no"?>
<!DOCTYPE log SYSTEM "logger.dtd">
<log>
<record>
  <date>2018-02-07T13:32:05.986-0300</date>
  <logger>JOSE RAMON FRAGOSO DA SILVA</logger>
  <level>FINE</level>
  <message>File 116210412-JOSE RAMON FRAGOSO DA SILVA.zip was received. It was sent by JOSE RAMON FRAGOSO DA SILVA from IP 192.168.0.106</message>
</record>
